Arguments: 
  /Users/daithihearn1/.nvm/versions/node/v13.12.0/bin/node /usr/local/Cellar/yarn/1.22.10/libexec/bin/yarn.js

PATH: 
  /Users/daithihearn1/.nvm/versions/node/v13.12.0/bin:/Library/Frameworks/Python.framework/Versions/3.8/bin:/usr/local/bin:/usr/bin:/bin:/usr/sbin:/sbin:/Library/Apple/usr/bin

Yarn version: 
  1.22.10

Node version: 
  13.12.0

Platform: 
  darwin x64

Trace: 
  Error: connect ECONNREFUSED 127.0.0.1:4873
      at TCPConnectWrap.afterConnect [as oncomplete] (net.js:1141:16)

npm manifest: 
  {
    "name": "frontend",
    "version": "2.4.6",
    "description": "React frontend for the Cards 110",
    "author": "Daithi Hearn",
    "license": "MIT",
    "private": true,
    "dependencies": {
      "@coreui/coreui": "^3.4.0",
      "@coreui/icons": "^1.0.1",
      "@coreui/react": "^3.4.5",
      "@material-ui/core": "^4.11.0",
      "@material-ui/icons": "^4.9.1",
      "@popperjs/core": "^2.5.4",
      "auth0-js": "^9.14.0",
      "axios": "^0.21.1",
      "chart.js": "^2.9.4",
      "core-js": "^2.5.7",
      "flag-icon-css": "^3.5.0",
      "font-awesome": "^4.7.0",
      "notistack": "0.4.3",
      "react": "^17.0.1",
      "react-beautiful-dnd": "^13.0.0",
      "react-block-ui": "^1.3.3",
      "react-data-table-component": "^6.11.5",
      "react-dom": "^16.14.0",
      "react-loadable": "^5.4.0",
      "react-router": "^4.3.1",
      "react-router-config": "^1.0.0-beta.4",
      "react-router-dom": "^5.2.0",
      "react-stomp": "^4.1.0",
      "react-viewer": "^3.2.2",
      "reactstrap": "^8.7.1",
      "simple-line-icons": "^2.5.5",
      "uuid-random": "^1.3.2"
    },
    "devDependencies": {
      "node-sass-chokidar": "^1.5.0",
      "npm-run-all": "^4.1.3",
      "prettier": "^2.1.1",
      "react-scripts": "^4.0.2"
    },
    "scripts": {
      "build-css": "node-sass-chokidar --include-path ./node_modules ./src/scss -o ./src/scss",
      "watch-css": "npm run build-css && node-sass-chokidar --include-path ./node_modules ./src/scss -o ./src/scss --watch --recursive",
      "start-js": "react-scripts start",
      "start": "npm-run-all -p watch-css start-js",
      "build-js": "react-scripts build",
      "build": "npm-run-all build-css build-js",
      "test": "react-scripts test --env=jsdom",
      "eject": "react-scripts eject"
    },
    "browserslist": [
      ">0.2%",
      "not dead",
      "not ie <= 11",
      "not op_mini all"
    ]
  }

yarn manifest: 
  No manifest

Lockfile: 
  No lockfile
